<?xml version="1.0" encoding="UTF-8"?>
<!-- Generated by org.testng.reporters.JUnitReportReporter -->
<testsuite hostname="Shibu" failures="0" tests="2" name="testRunners.ebayTestRunner" time="119.852" errors="0" timestamp="2022-11-16T13:35:31 IST" skipped="0">
  <testcase classname="testRunners.ebayTestRunner" name="runScenario" time="21.665"/>
  <system-out/>
  <testcase classname="testRunners.ebayTestRunner" name="runScenario" time="98.187"/>
  <system-out/>
</testsuite> <!-- testRunners.ebayTestRunner -->
